Using pre-set license
Built from '2020.3/release' branch; Version is '2020.3.2f1 (8fd9074bf66c) revision 9427207'; Using compiler version '192528614'; Build Type 'Release'
OS: 'Windows 10 Home; OS build 22621.1105; Version 2009; 64bit' Language: 'en' Physical Memory: 7908 MB
BatchMode: 1, IsHumanControllingUs: 0, StartBugReporterOnCrash: 0, Is64bit: 1, IsPro: 0

 COMMAND LINE ARGUMENTS:
C:\Program Files\Unity\Hub\Editor\2020.3.2f1\Editor\Unity.exe
-adb2
-batchMode
-noUpm
-name
AssetImportWorker0
-projectPath
C:/Users/climb/Desktop/Conestoga/Unity/RollingCube/RollingCube
-logFile
Logs/AssetImportWorker0.log
-srvPort
5023
Successfully changed project path to: C:/Users/climb/Desktop/Conestoga/Unity/RollingCube/RollingCube
C:/Users/climb/Desktop/Conestoga/Unity/RollingCube/RollingCube
Using Asset Import Pipeline V2.
Refreshing native plugins compatible for Editor in 22.89 ms, found 0 plugins.
Preloading 0 native plugins for Editor in 0.00 ms.
Initialize engine version: 2020.3.2f1 (8fd9074bf66c)
[Subsystems] Discovering subsystems at path C:/Program Files/Unity/Hub/Editor/2020.3.2f1/Editor/Data/Resources/UnitySubsystems
[Subsystems] Discovering subsystems at path C:/Users/climb/Desktop/Conestoga/Unity/RollingCube/RollingCube/Assets
GfxDevice: creating device client; threaded=0
Direct3D:
    Version:  Direct3D 11.0 [level 11.1]
    Renderer: Intel(R) UHD Graphics (ID=0x9b41)
    Vendor:   
    VRAM:     3954 MB
    Driver:   26.20.100.6911
Initialize mono
Mono path[0] = 'C:/Program Files/Unity/Hub/Editor/2020.3.2f1/Editor/Data/Managed'
Mono path[1] = 'C:/Program Files/Unity/Hub/Editor/2020.3.2f1/Editor/Data/MonoBleedingEdge/lib/mono/unityjit'
Mono config path = 'C:/Program Files/Unity/Hub/Editor/2020.3.2f1/Editor/Data/MonoBleedingEdge/etc'
Using monoOptions --debugger-agent=transport=dt_socket,embedding=1,server=y,suspend=n,address=127.0.0.1:56956
Begin MonoManager ReloadAssembly
Registering precompiled unity dll's ...
Register platform support module: C:/Program Files/Unity/Hub/Editor/2020.3.2f1/Editor/Data/PlaybackEngines/WindowsStandaloneSupport/UnityEditor.WindowsStandalone.Extensions.dll
Registered in 0.001170 seconds.
Native extension for WindowsStandalone target not found
Refreshing native plugins compatible for Editor in 25.16 ms, found 0 plugins.
Preloading 0 native plugins for Editor in 0.00 ms.
Invoked RoslynAnalysisRunner static constructor.
RoslynAnalysisRunner will not be running.
RoslynAnalysisRunner has terminated.
Mono: successfully reloaded assembly
- Completed reload, in  1.009 seconds
Platform modules already initialized, skipping
Registering precompiled user dll's ...
Registered in 0.000674 seconds.
Begin MonoManager ReloadAssembly
Native extension for WindowsStandalone target not found
Refreshing native plugins compatible for Editor in 0.28 ms, found 0 plugins.
Preloading 0 native plugins for Editor in 0.00 ms.
Invoked RoslynAnalysisRunner static constructor.
RoslynAnalysisRunner will not be running.
RoslynAnalysisRunner has terminated.
Mono: successfully reloaded assembly
- Completed reload, in  0.862 seconds
Platform modules already initialized, skipping
========================================================================
Worker process is ready to serve import requests
Launched and connected shader compiler UnityShaderCompiler.exe after 0.04 seconds
Refreshing native plugins compatible for Editor in 0.27 ms, found 0 plugins.
Preloading 0 native plugins for Editor in 0.00 ms.
Unloading 1124 Unused Serialized files (Serialized files now loaded: 0)
System memory in use before: 57.4 MB.
System memory in use after: 57.5 MB.

Unloading 10 unused Assets to reduce memory usage. Loaded Objects now: 1567.
Total: 5.667100 ms (FindLiveObjects: 0.562000 ms CreateObjectMapping: 0.166100 ms MarkObjects: 4.767900 ms  DeleteObjects: 0.166400 ms)

========================================================================
Received Import Request.
  path: Assets/Animations/LevelComplete 1.controller
  artifactKey: Guid(3767f6cb85f08c44197a4531f2c4d067) Importer(815301076,1909f56bfc062723c751e8b465ee728b)
Start importing Assets/Animations/LevelComplete 1.controller using Guid(3767f6cb85f08c44197a4531f2c4d067) Importer(815301076,1909f56bfc062723c751e8b465ee728b)  -> (artifact id: 'f121bd278076239cd88013f00cd9995d') in 0.055585 seconds
  Import took 0.058802 seconds .

========================================================================
Received Import Request.
  Time since last request: 0.673007 seconds.
  path: Assets/Animations/LevelCompleteAnimation.anim
  artifactKey: Guid(3b0e6d7aeed72b149a29cf1de8aaf5d0) Importer(815301076,1909f56bfc062723c751e8b465ee728b)
Start importing Assets/Animations/LevelCompleteAnimation.anim using Guid(3b0e6d7aeed72b149a29cf1de8aaf5d0) Importer(815301076,1909f56bfc062723c751e8b465ee728b)  -> (artifact id: '22a4d2d7c6203d2618c292ebba81cdd9') in 0.009239 seconds
  Import took 0.011395 seconds .

========================================================================
Received Import Request.
  Time since last request: 0.004294 seconds.
  path: Assets/Animations/LevelCompleteAnimation.anim
  artifactKey: Guid(3b0e6d7aeed72b149a29cf1de8aaf5d0) Importer(815301076,1909f56bfc062723c751e8b465ee728b)
Start importing Assets/Animations/LevelCompleteAnimation.anim using Guid(3b0e6d7aeed72b149a29cf1de8aaf5d0) Importer(815301076,1909f56bfc062723c751e8b465ee728b)  -> (artifact id: '22a4d2d7c6203d2618c292ebba81cdd9') in 0.003467 seconds
  Import took 0.005852 seconds .

========================================================================
Received Import Request.
  Time since last request: 21.183162 seconds.
  path: Assets/Animations/LevelComplete.controller
  artifactKey: Guid(d7f36ef224d920c48b7739f885166abe) Importer(815301076,1909f56bfc062723c751e8b465ee728b)
Start importing Assets/Animations/LevelComplete.controller using Guid(d7f36ef224d920c48b7739f885166abe) Importer(815301076,1909f56bfc062723c751e8b465ee728b)  -> (artifact id: 'e7de1af477998f5655d4cfc96871b3d9') in 0.011920 seconds
  Import took 0.014564 seconds .

========================================================================
Received Import Request.
  Time since last request: 23.719216 seconds.
  path: Assets/Animations/LevelComplete 2.controller
  artifactKey: Guid(64e1313d9d4f02f43a731f6472115b98) Importer(815301076,1909f56bfc062723c751e8b465ee728b)
Start importing Assets/Animations/LevelComplete 2.controller using Guid(64e1313d9d4f02f43a731f6472115b98) Importer(815301076,1909f56bfc062723c751e8b465ee728b)  -> (artifact id: 'f4b12b411d4770c7b0a414684dac3dcc') in 0.014313 seconds
  Import took 0.016499 seconds .

========================================================================
Received Prepare
Registering precompiled user dll's ...
Registered in 0.001110 seconds.
Begin MonoManager ReloadAssembly
Native extension for WindowsStandalone target not found
Refreshing native plugins compatible for Editor in 0.73 ms, found 0 plugins.
Preloading 0 native plugins for Editor in 0.00 ms.
Invoked RoslynAnalysisRunner static constructor.
RoslynAnalysisRunner will not be running.
RoslynAnalysisRunner has terminated.
Mono: successfully reloaded assembly
- Completed reload, in  2.716 seconds
Platform modules already initialized, skipping
Refreshing native plugins compatible for Editor in 0.28 ms, found 0 plugins.
Preloading 0 native plugins for Editor in 0.00 ms.
Unloading 1119 Unused Serialized files (Serialized files now loaded: 0)
System memory in use before: 57.4 MB.
System memory in use after: 57.4 MB.

Unloading 5 unused Assets to reduce memory usage. Loaded Objects now: 1570.
Total: 3.088000 ms (FindLiveObjects: 0.278400 ms CreateObjectMapping: 0.081300 ms MarkObjects: 2.646300 ms  DeleteObjects: 0.080000 ms)

========================================================================
Received Import Request.
  Time since last request: 293.674370 seconds.
  path: Assets/Scripts/GameManager.cs
  artifactKey: Guid(69e5da1c270831747b0eaa19403e5a2e) Importer(815301076,1909f56bfc062723c751e8b465ee728b)
Start importing Assets/Scripts/GameManager.cs using Guid(69e5da1c270831747b0eaa19403e5a2e) Importer(815301076,1909f56bfc062723c751e8b465ee728b)  -> (artifact id: '7690285cdb190c0004fb1165c6ced06f') in 0.025670 seconds
  Import took 0.029441 seconds .

========================================================================
Received Import Request.
  Time since last request: 72.858354 seconds.
  path: Assets/Scripts/Welcome.cs
  artifactKey: Guid(a2e7d569f03433241ac68bdf271dfcad) Importer(815301076,1909f56bfc062723c751e8b465ee728b)
Start importing Assets/Scripts/Welcome.cs using Guid(a2e7d569f03433241ac68bdf271dfcad) Importer(815301076,1909f56bfc062723c751e8b465ee728b)  -> (artifact id: '9e040fb5984de901fa2ab7093fd649ed') in 0.010588 seconds
  Import took 0.013092 seconds .

========================================================================
Received Prepare
Registering precompiled user dll's ...
Registered in 0.000866 seconds.
Begin MonoManager ReloadAssembly
Native extension for WindowsStandalone target not found
Refreshing native plugins compatible for Editor in 0.32 ms, found 0 plugins.
Preloading 0 native plugins for Editor in 0.00 ms.
Invoked RoslynAnalysisRunner static constructor.
RoslynAnalysisRunner will not be running.
RoslynAnalysisRunner has terminated.
Mono: successfully reloaded assembly
- Completed reload, in  0.958 seconds
Platform modules already initialized, skipping
Refreshing native plugins compatible for Editor in 0.21 ms, found 0 plugins.
Preloading 0 native plugins for Editor in 0.00 ms.
Unloading 1119 Unused Serialized files (Serialized files now loaded: 0)
System memory in use before: 57.4 MB.
System memory in use after: 57.5 MB.

Unloading 5 unused Assets to reduce memory usage. Loaded Objects now: 1573.
Total: 3.911700 ms (FindLiveObjects: 0.622300 ms CreateObjectMapping: 0.234200 ms MarkObjects: 2.985800 ms  DeleteObjects: 0.065400 ms)

========================================================================
Received Import Request.
  Time since last request: 450.514134 seconds.
  path: Assets/Animations/LevelComplete 2.controller
  artifactKey: Guid(64e1313d9d4f02f43a731f6472115b98) Importer(815301076,1909f56bfc062723c751e8b465ee728b)
Start importing Assets/Animations/LevelComplete 2.controller using Guid(64e1313d9d4f02f43a731f6472115b98) Importer(815301076,1909f56bfc062723c751e8b465ee728b)  -> (artifact id: '911f0660b23d9c9b1c1dc740efcda35f') in 0.023747 seconds
  Import took 0.119400 seconds .

========================================================================
Received Import Request.
  Time since last request: 24.768409 seconds.
  path: Assets/Animations/LevelComplete.controller
  artifactKey: Guid(d7f36ef224d920c48b7739f885166abe) Importer(815301076,1909f56bfc062723c751e8b465ee728b)
Start importing Assets/Animations/LevelComplete.controller using Guid(d7f36ef224d920c48b7739f885166abe) Importer(815301076,1909f56bfc062723c751e8b465ee728b)  -> (artifact id: '9089d062b82f2ed73b0304786623f747') in 0.005696 seconds
  Import took 0.009079 seconds .

========================================================================
Received Import Request.
  Time since last request: 1.939905 seconds.
  path: Assets/Animations/LevelComplete 1.controller
  artifactKey: Guid(3767f6cb85f08c44197a4531f2c4d067) Importer(815301076,1909f56bfc062723c751e8b465ee728b)
Start importing Assets/Animations/LevelComplete 1.controller using Guid(3767f6cb85f08c44197a4531f2c4d067) Importer(815301076,1909f56bfc062723c751e8b465ee728b)  -> (artifact id: '7258297d2182a88ccd06151aab84a834') in 0.011370 seconds
  Import took 0.015017 seconds .

========================================================================
Received Prepare
Registering precompiled user dll's ...
Registered in 0.000924 seconds.
Begin MonoManager ReloadAssembly
Native extension for WindowsStandalone target not found
Refreshing native plugins compatible for Editor in 0.22 ms, found 0 plugins.
Preloading 0 native plugins for Editor in 0.00 ms.
Invoked RoslynAnalysisRunner static constructor.
RoslynAnalysisRunner will not be running.
RoslynAnalysisRunner has terminated.
Mono: successfully reloaded assembly
- Completed reload, in  0.809 seconds
Platform modules already initialized, skipping
Refreshing native plugins compatible for Editor in 0.25 ms, found 0 plugins.
Preloading 0 native plugins for Editor in 0.00 ms.
Unloading 1119 Unused Serialized files (Serialized files now loaded: 0)
System memory in use before: 57.4 MB.
System memory in use after: 57.5 MB.

Unloading 5 unused Assets to reduce memory usage. Loaded Objects now: 1576.
Total: 3.603200 ms (FindLiveObjects: 0.521700 ms CreateObjectMapping: 0.163300 ms MarkObjects: 2.826100 ms  DeleteObjects: 0.089400 ms)

========================================================================
Received Import Request.
  Time since last request: 10.016694 seconds.
  path: Assets/Animations/LevelCompleteAnimation.anim
  artifactKey: Guid(3b0e6d7aeed72b149a29cf1de8aaf5d0) Importer(815301076,1909f56bfc062723c751e8b465ee728b)
Start importing Assets/Animations/LevelCompleteAnimation.anim using Guid(3b0e6d7aeed72b149a29cf1de8aaf5d0) Importer(815301076,1909f56bfc062723c751e8b465ee728b)  -> (artifact id: 'af3afd283910e62685a5f51ade905f11') in 0.026721 seconds
  Import took 0.032025 seconds .

========================================================================
Received Prepare
Registering precompiled user dll's ...
Registered in 0.000686 seconds.
Begin MonoManager ReloadAssembly
Native extension for WindowsStandalone target not found
Refreshing native plugins compatible for Editor in 0.47 ms, found 0 plugins.
Preloading 0 native plugins for Editor in 0.00 ms.
Invoked RoslynAnalysisRunner static constructor.
RoslynAnalysisRunner will not be running.
RoslynAnalysisRunner has terminated.
Mono: successfully reloaded assembly
- Completed reload, in  0.776 seconds
Platform modules already initialized, skipping
Refreshing native plugins compatible for Editor in 0.23 ms, found 0 plugins.
Preloading 0 native plugins for Editor in 0.00 ms.
Unloading 1119 Unused Serialized files (Serialized files now loaded: 0)
System memory in use before: 57.4 MB.
System memory in use after: 57.5 MB.

Unloading 5 unused Assets to reduce memory usage. Loaded Objects now: 1579.
Total: 2.319300 ms (FindLiveObjects: 0.274400 ms CreateObjectMapping: 0.054400 ms MarkObjects: 1.887400 ms  DeleteObjects: 0.101200 ms)

AssetImportWorkerClient::OnTransportError - code=2 error=End of file
